Build output check failed:
    Regex: 'argument .* is not valid'
    Output line: 'cc1: warning: ‘-Werror=’ argument ‘-Werror=non-virtual-dtor’ is not valid for C'
Compilation failed:
    source file: '/home/lic/orb/opencv-3.4.16/build/CMakeFiles/CMakeTmp/src.c'
    check option: ' -fsigned-char -W -Wall -Werror=return-type  -Werror=non-virtual-dtor'
===== BUILD LOG =====
Change Dir: /home/lic/orb/opencv-3.4.16/build/CMakeFiles/CMakeTmp

Run Build Command(s):/usr/bin/make cmTC_55fe9/fast && /usr/bin/make -f CMakeFiles/cmTC_55fe9.dir/build.make CMakeFiles/cmTC_55fe9.dir/build
make[1]: 进入目录“/home/lic/orb/opencv-3.4.16/build/CMakeFiles/CMakeTmp”
Building C object CMakeFiles/cmTC_55fe9.dir/src.c.o
/usr/bin/cc   -O3 -DNDEBUG -fPIE    -fsigned-char -W -Wall -Werror=return-type  -Werror=non-virtual-dtor -o CMakeFiles/cmTC_55fe9.dir/src.c.o   -c /home/lic/orb/opencv-3.4.16/build/CMakeFiles/CMakeTmp/src.c
cc1: warning: ‘-Werror=’ argument ‘-Werror=non-virtual-dtor’ is not valid for C
/home/lic/orb/opencv-3.4.16/build/CMakeFiles/CMakeTmp/src.c:1: warning: ignoring #pragma   [-Wunknown-pragmas]
    1 | #pragma
      | 
Linking C executable cmTC_55fe9
/usr/bin/cmake -E cmake_link_script CMakeFiles/cmTC_55fe9.dir/link.txt --verbose=1
/usr/bin/cc   -O3 -DNDEBUG    -rdynamic CMakeFiles/cmTC_55fe9.dir/src.c.o  -o cmTC_55fe9 
make[1]: 离开目录“/home/lic/orb/opencv-3.4.16/build/CMakeFiles/CMakeTmp”


===== END =====

Build output check failed:
    Regex: 'command[- ]line option .* is valid for .* but not for C\+\+'
    Output line: 'cc1plus: warning: command line option ‘-Wmissing-prototypes’ is valid for C/ObjC but not for C++'
Compilation failed:
    source file: '/home/lic/orb/opencv-3.4.16/build/CMakeFiles/CMakeTmp/src.cxx'
    check option: ' -fsigned-char -W -Wall -Werror=return-type -Werror=non-virtual-dtor -Werror=address -Werror=sequence-point -Wformat -Werror=format-security -Wmissing-declarations  -Wmissing-prototypes'
===== BUILD LOG =====
Change Dir: /home/lic/orb/opencv-3.4.16/build/CMakeFiles/CMakeTmp

Run Build Command(s):/usr/bin/make cmTC_4407a/fast && /usr/bin/make -f CMakeFiles/cmTC_4407a.dir/build.make CMakeFiles/cmTC_4407a.dir/build
make[1]: 进入目录“/home/lic/orb/opencv-3.4.16/build/CMakeFiles/CMakeTmp”
Building CXX object CMakeFiles/cmTC_4407a.dir/src.cxx.o
/usr/bin/c++    -O3 -DNDEBUG -fPIE    -fsigned-char -W -Wall -Werror=return-type -Werror=non-virtual-dtor -Werror=address -Werror=sequence-point -Wformat -Werror=format-security -Wmissing-declarations  -Wmissing-prototypes -o CMakeFiles/cmTC_4407a.dir/src.cxx.o -c /home/lic/orb/opencv-3.4.16/build/CMakeFiles/CMakeTmp/src.cxx
cc1plus: warning: command line option ‘-Wmissing-prototypes’ is valid for C/ObjC but not for C++
/home/lic/orb/opencv-3.4.16/build/CMakeFiles/CMakeTmp/src.cxx:1: warning: ignoring #pragma   [-Wunknown-pragmas]
    1 | #pragma
      | 
Linking CXX executable cmTC_4407a
/usr/bin/cmake -E cmake_link_script CMakeFiles/cmTC_4407a.dir/link.txt --verbose=1
/usr/bin/c++    -O3 -DNDEBUG    -rdynamic CMakeFiles/cmTC_4407a.dir/src.cxx.o  -o cmTC_4407a 
make[1]: 离开目录“/home/lic/orb/opencv-3.4.16/build/CMakeFiles/CMakeTmp”


===== END =====

Build output check failed:
    Regex: 'command[- ]line option .* is valid for .* but not for C\+\+'
    Output line: 'cc1plus: warning: command line option ‘-Wstrict-prototypes’ is valid for C/ObjC but not for C++'
Compilation failed:
    source file: '/home/lic/orb/opencv-3.4.16/build/CMakeFiles/CMakeTmp/src.cxx'
    check option: ' -fsigned-char -W -Wall -Werror=return-type -Werror=non-virtual-dtor -Werror=address -Werror=sequence-point -Wformat -Werror=format-security -Wmissing-declarations  -Wstrict-prototypes'
===== BUILD LOG =====
Change Dir: /home/lic/orb/opencv-3.4.16/build/CMakeFiles/CMakeTmp

Run Build Command(s):/usr/bin/make cmTC_1849c/fast && /usr/bin/make -f CMakeFiles/cmTC_1849c.dir/build.make CMakeFiles/cmTC_1849c.dir/build
make[1]: 进入目录“/home/lic/orb/opencv-3.4.16/build/CMakeFiles/CMakeTmp”
Building CXX object CMakeFiles/cmTC_1849c.dir/src.cxx.o
/usr/bin/c++    -O3 -DNDEBUG -fPIE    -fsigned-char -W -Wall -Werror=return-type -Werror=non-virtual-dtor -Werror=address -Werror=sequence-point -Wformat -Werror=format-security -Wmissing-declarations  -Wstrict-prototypes -o CMakeFiles/cmTC_1849c.dir/src.cxx.o -c /home/lic/orb/opencv-3.4.16/build/CMakeFiles/CMakeTmp/src.cxx
cc1plus: warning: command line option ‘-Wstrict-prototypes’ is valid for C/ObjC but not for C++
/home/lic/orb/opencv-3.4.16/build/CMakeFiles/CMakeTmp/src.cxx:1: warning: ignoring #pragma   [-Wunknown-pragmas]
    1 | #pragma
      | 
Linking CXX executable cmTC_1849c
/usr/bin/cmake -E cmake_link_script CMakeFiles/cmTC_1849c.dir/link.txt --verbose=1
/usr/bin/c++    -O3 -DNDEBUG    -rdynamic CMakeFiles/cmTC_1849c.dir/src.cxx.o  -o cmTC_1849c 
make[1]: 离开目录“/home/lic/orb/opencv-3.4.16/build/CMakeFiles/CMakeTmp”


===== END =====

Build output check failed:
    Regex: 'command[- ]line option .* is valid for .* but not for C'
    Output line: 'cc1: warning: command line option ‘-Wsign-promo’ is valid for C++/ObjC++ but not for C'
Compilation failed:
    source file: '/home/lic/orb/opencv-3.4.16/build/CMakeFiles/CMakeTmp/src.c'
    check option: ' -fsigned-char -W -Wall -Werror=return-type -Werror=address -Werror=sequence-point -Wformat -Werror=format-security -Wmissing-declarations -Wmissing-prototypes -Wstrict-prototypes -Wundef -Winit-self -Wpointer-arith -Wshadow  -Wsign-promo'
===== BUILD LOG =====
Change Dir: /home/lic/orb/opencv-3.4.16/build/CMakeFiles/CMakeTmp

Run Build Command(s):/usr/bin/make cmTC_ef568/fast && /usr/bin/make -f CMakeFiles/cmTC_ef568.dir/build.make CMakeFiles/cmTC_ef568.dir/build
make[1]: 进入目录“/home/lic/orb/opencv-3.4.16/build/CMakeFiles/CMakeTmp”
Building C object CMakeFiles/cmTC_ef568.dir/src.c.o
/usr/bin/cc   -O3 -DNDEBUG -fPIE    -fsigned-char -W -Wall -Werror=return-type -Werror=address -Werror=sequence-point -Wformat -Werror=format-security -Wmissing-declarations -Wmissing-prototypes -Wstrict-prototypes -Wundef -Winit-self -Wpointer-arith -Wshadow  -Wsign-promo -o CMakeFiles/cmTC_ef568.dir/src.c.o   -c /home/lic/orb/opencv-3.4.16/build/CMakeFiles/CMakeTmp/src.c
cc1: warning: command line option ‘-Wsign-promo’ is valid for C++/ObjC++ but not for C
/home/lic/orb/opencv-3.4.16/build/CMakeFiles/CMakeTmp/src.c:1: warning: ignoring #pragma   [-Wunknown-pragmas]
    1 | #pragma
      | 
Linking C executable cmTC_ef568
/usr/bin/cmake -E cmake_link_script CMakeFiles/cmTC_ef568.dir/link.txt --verbose=1
/usr/bin/cc   -O3 -DNDEBUG    -rdynamic CMakeFiles/cmTC_ef568.dir/src.c.o  -o cmTC_ef568 
make[1]: 离开目录“/home/lic/orb/opencv-3.4.16/build/CMakeFiles/CMakeTmp”


===== END =====

Build output check failed:
    Regex: 'command[- ]line option .* is valid for .* but not for C'
    Output line: 'cc1: warning: command line option ‘-Wsuggest-override’ is valid for C++/ObjC++ but not for C'
Compilation failed:
    source file: '/home/lic/orb/opencv-3.4.16/build/CMakeFiles/CMakeTmp/src.c'
    check option: ' -fsigned-char -W -Wall -Werror=return-type -Werror=address -Werror=sequence-point -Wformat -Werror=format-security -Wmissing-declarations -Wmissing-prototypes -Wstrict-prototypes -Wundef -Winit-self -Wpointer-arith -Wshadow -Wuninitialized  -Wsuggest-override'
===== BUILD LOG =====
Change Dir: /home/lic/orb/opencv-3.4.16/build/CMakeFiles/CMakeTmp

Run Build Command(s):/usr/bin/make cmTC_ade5c/fast && /usr/bin/make -f CMakeFiles/cmTC_ade5c.dir/build.make CMakeFiles/cmTC_ade5c.dir/build
make[1]: 进入目录“/home/lic/orb/opencv-3.4.16/build/CMakeFiles/CMakeTmp”
Building C object CMakeFiles/cmTC_ade5c.dir/src.c.o
/usr/bin/cc   -O3 -DNDEBUG -fPIE    -fsigned-char -W -Wall -Werror=return-type -Werror=address -Werror=sequence-point -Wformat -Werror=format-security -Wmissing-declarations -Wmissing-prototypes -Wstrict-prototypes -Wundef -Winit-self -Wpointer-arith -Wshadow -Wuninitialized  -Wsuggest-override -o CMakeFiles/cmTC_ade5c.dir/src.c.o   -c /home/lic/orb/opencv-3.4.16/build/CMakeFiles/CMakeTmp/src.c
cc1: warning: command line option ‘-Wsuggest-override’ is valid for C++/ObjC++ but not for C
/home/lic/orb/opencv-3.4.16/build/CMakeFiles/CMakeTmp/src.c:1: warning: ignoring #pragma   [-Wunknown-pragmas]
    1 | #pragma
      | 
Linking C executable cmTC_ade5c
/usr/bin/cmake -E cmake_link_script CMakeFiles/cmTC_ade5c.dir/link.txt --verbose=1
/usr/bin/cc   -O3 -DNDEBUG    -rdynamic CMakeFiles/cmTC_ade5c.dir/src.c.o  -o cmTC_ade5c 
make[1]: 离开目录“/home/lic/orb/opencv-3.4.16/build/CMakeFiles/CMakeTmp”


===== END =====

Build output check failed:
    Regex: 'command[- ]line option .* is valid for .* but not for C'
    Output line: 'cc1: warning: command line option ‘-Wno-delete-non-virtual-dtor’ is valid for C++/ObjC++ but not for C'
Compilation failed:
    source file: '/home/lic/orb/opencv-3.4.16/build/CMakeFiles/CMakeTmp/src.c'
    check option: ' -fsigned-char -W -Wall -Werror=return-type -Werror=address -Werror=sequence-point -Wformat -Werror=format-security -Wmissing-declarations -Wmissing-prototypes -Wstrict-prototypes -Wundef -Winit-self -Wpointer-arith -Wshadow -Wuninitialized  -Wno-delete-non-virtual-dtor'
===== BUILD LOG =====
Change Dir: /home/lic/orb/opencv-3.4.16/build/CMakeFiles/CMakeTmp

Run Build Command(s):/usr/bin/make cmTC_ce9b0/fast && /usr/bin/make -f CMakeFiles/cmTC_ce9b0.dir/build.make CMakeFiles/cmTC_ce9b0.dir/build
make[1]: 进入目录“/home/lic/orb/opencv-3.4.16/build/CMakeFiles/CMakeTmp”
Building C object CMakeFiles/cmTC_ce9b0.dir/src.c.o
/usr/bin/cc   -O3 -DNDEBUG -fPIE    -fsigned-char -W -Wall -Werror=return-type -Werror=address -Werror=sequence-point -Wformat -Werror=format-security -Wmissing-declarations -Wmissing-prototypes -Wstrict-prototypes -Wundef -Winit-self -Wpointer-arith -Wshadow -Wuninitialized  -Wno-delete-non-virtual-dtor -o CMakeFiles/cmTC_ce9b0.dir/src.c.o   -c /home/lic/orb/opencv-3.4.16/build/CMakeFiles/CMakeTmp/src.c
cc1: warning: command line option ‘-Wno-delete-non-virtual-dtor’ is valid for C++/ObjC++ but not for C
/home/lic/orb/opencv-3.4.16/build/CMakeFiles/CMakeTmp/src.c:1: warning: ignoring #pragma   [-Wunknown-pragmas]
    1 | #pragma
      | 
Linking C executable cmTC_ce9b0
/usr/bin/cmake -E cmake_link_script CMakeFiles/cmTC_ce9b0.dir/link.txt --verbose=1
/usr/bin/cc   -O3 -DNDEBUG    -rdynamic CMakeFiles/cmTC_ce9b0.dir/src.c.o  -o cmTC_ce9b0 
make[1]: 离开目录“/home/lic/orb/opencv-3.4.16/build/CMakeFiles/CMakeTmp”


===== END =====

Build output check failed:
    Regex: 'unrecognized .*option'
    Output line: 'cc1plus: warning: unrecognized command line option ‘-Wno-unnamed-type-template-args’'
Compilation failed:
    source file: '/home/lic/orb/opencv-3.4.16/build/CMakeFiles/CMakeTmp/src.cxx'
    check option: ' -fsigned-char -W -Wall -Werror=return-type -Werror=non-virtual-dtor -Werror=address -Werror=sequence-point -Wformat -Werror=format-security -Wmissing-declarations -Wundef -Winit-self -Wpointer-arith -Wshadow -Wsign-promo -Wuninitialized -Wsuggest-override -Wno-delete-non-virtual-dtor  -Wno-unnamed-type-template-args'
===== BUILD LOG =====
Change Dir: /home/lic/orb/opencv-3.4.16/build/CMakeFiles/CMakeTmp

Run Build Command(s):/usr/bin/make cmTC_008f4/fast && /usr/bin/make -f CMakeFiles/cmTC_008f4.dir/build.make CMakeFiles/cmTC_008f4.dir/build
make[1]: 进入目录“/home/lic/orb/opencv-3.4.16/build/CMakeFiles/CMakeTmp”
Building CXX object CMakeFiles/cmTC_008f4.dir/src.cxx.o
/usr/bin/c++    -O3 -DNDEBUG -fPIE    -fsigned-char -W -Wall -Werror=return-type -Werror=non-virtual-dtor -Werror=address -Werror=sequence-point -Wformat -Werror=format-security -Wmissing-declarations -Wundef -Winit-self -Wpointer-arith -Wshadow -Wsign-promo -Wuninitialized -Wsuggest-override -Wno-delete-non-virtual-dtor  -Wno-unnamed-type-template-args -o CMakeFiles/cmTC_008f4.dir/src.cxx.o -c /home/lic/orb/opencv-3.4.16/build/CMakeFiles/CMakeTmp/src.cxx
/home/lic/orb/opencv-3.4.16/build/CMakeFiles/CMakeTmp/src.cxx:1: warning: ignoring #pragma   [-Wunknown-pragmas]
    1 | #pragma
      | 
cc1plus: warning: unrecognized command line option ‘-Wno-unnamed-type-template-args’
Linking CXX executable cmTC_008f4
/usr/bin/cmake -E cmake_link_script CMakeFiles/cmTC_008f4.dir/link.txt --verbose=1
/usr/bin/c++    -O3 -DNDEBUG    -rdynamic CMakeFiles/cmTC_008f4.dir/src.cxx.o  -o cmTC_008f4 
make[1]: 离开目录“/home/lic/orb/opencv-3.4.16/build/CMakeFiles/CMakeTmp”


===== END =====

Build output check failed:
    Regex: 'unrecognized .*option'
    Output line: 'cc1: warning: unrecognized command line option ‘-Wno-unnamed-type-template-args’'
Compilation failed:
    source file: '/home/lic/orb/opencv-3.4.16/build/CMakeFiles/CMakeTmp/src.c'
    check option: ' -fsigned-char -W -Wall -Werror=return-type -Werror=address -Werror=sequence-point -Wformat -Werror=format-security -Wmissing-declarations -Wmissing-prototypes -Wstrict-prototypes -Wundef -Winit-self -Wpointer-arith -Wshadow -Wuninitialized  -Wno-unnamed-type-template-args'
===== BUILD LOG =====
Change Dir: /home/lic/orb/opencv-3.4.16/build/CMakeFiles/CMakeTmp

Run Build Command(s):/usr/bin/make cmTC_b09f8/fast && /usr/bin/make -f CMakeFiles/cmTC_b09f8.dir/build.make CMakeFiles/cmTC_b09f8.dir/build
make[1]: 进入目录“/home/lic/orb/opencv-3.4.16/build/CMakeFiles/CMakeTmp”
Building C object CMakeFiles/cmTC_b09f8.dir/src.c.o
/usr/bin/cc   -O3 -DNDEBUG -fPIE    -fsigned-char -W -Wall -Werror=return-type -Werror=address -Werror=sequence-point -Wformat -Werror=format-security -Wmissing-declarations -Wmissing-prototypes -Wstrict-prototypes -Wundef -Winit-self -Wpointer-arith -Wshadow -Wuninitialized  -Wno-unnamed-type-template-args -o CMakeFiles/cmTC_b09f8.dir/src.c.o   -c /home/lic/orb/opencv-3.4.16/build/CMakeFiles/CMakeTmp/src.c
/home/lic/orb/opencv-3.4.16/build/CMakeFiles/CMakeTmp/src.c:1: warning: ignoring #pragma   [-Wunknown-pragmas]
    1 | #pragma
      | 
cc1: warning: unrecognized command line option ‘-Wno-unnamed-type-template-args’
Linking C executable cmTC_b09f8
/usr/bin/cmake -E cmake_link_script CMakeFiles/cmTC_b09f8.dir/link.txt --verbose=1
/usr/bin/cc   -O3 -DNDEBUG    -rdynamic CMakeFiles/cmTC_b09f8.dir/src.c.o  -o cmTC_b09f8 
make[1]: 离开目录“/home/lic/orb/opencv-3.4.16/build/CMakeFiles/CMakeTmp”


===== END =====

Build output check failed:
    Regex: 'command[- ]line option .* is valid for .* but not for C'
    Output line: 'cc1: warning: command line option ‘-fvisibility-inlines-hidden’ is valid for C++/ObjC++ but not for C'
Compilation failed:
    source file: '/home/lic/orb/opencv-3.4.16/build/CMakeFiles/CMakeTmp/src.c'
    check option: ' -fsigned-char -W -Wall -Werror=return-type -Werror=address -Werror=sequence-point -Wformat -Werror=format-security -Wmissing-declarations -Wmissing-prototypes -Wstrict-prototypes -Wundef -Winit-self -Wpointer-arith -Wshadow -Wuninitialized -Wno-comment -Wimplicit-fallthrough=3 -Wno-strict-overflow -fdiagnostics-show-option -Wno-long-long -pthread -fomit-frame-pointer -ffunction-sections -fdata-sections  -msse -msse2 -msse3 -fvisibility=hidden  -fvisibility-inlines-hidden'
===== BUILD LOG =====
Change Dir: /home/lic/orb/opencv-3.4.16/build/CMakeFiles/CMakeTmp

Run Build Command(s):/usr/bin/make cmTC_a481c/fast && /usr/bin/make -f CMakeFiles/cmTC_a481c.dir/build.make CMakeFiles/cmTC_a481c.dir/build
make[1]: 进入目录“/home/lic/orb/opencv-3.4.16/build/CMakeFiles/CMakeTmp”
Building C object CMakeFiles/cmTC_a481c.dir/src.c.o
/usr/bin/cc   -O3 -DNDEBUG -fPIE    -fsigned-char -W -Wall -Werror=return-type -Werror=address -Werror=sequence-point -Wformat -Werror=format-security -Wmissing-declarations -Wmissing-prototypes -Wstrict-prototypes -Wundef -Winit-self -Wpointer-arith -Wshadow -Wuninitialized -Wno-comment -Wimplicit-fallthrough=3 -Wno-strict-overflow -fdiagnostics-show-option -Wno-long-long -pthread -fomit-frame-pointer -ffunction-sections -fdata-sections  -msse -msse2 -msse3 -fvisibility=hidden  -fvisibility-inlines-hidden -o CMakeFiles/cmTC_a481c.dir/src.c.o   -c /home/lic/orb/opencv-3.4.16/build/CMakeFiles/CMakeTmp/src.c
cc1: warning: command line option ‘-fvisibility-inlines-hidden’ is valid for C++/ObjC++ but not for C
/home/lic/orb/opencv-3.4.16/build/CMakeFiles/CMakeTmp/src.c:1: warning: ignoring #pragma   [-Wunknown-pragmas]
    1 | #pragma
      | 
Linking C executable cmTC_a481c
/usr/bin/cmake -E cmake_link_script CMakeFiles/cmTC_a481c.dir/link.txt --verbose=1
/usr/bin/cc   -O3 -DNDEBUG    -rdynamic CMakeFiles/cmTC_a481c.dir/src.c.o  -o cmTC_a481c 
make[1]: 离开目录“/home/lic/orb/opencv-3.4.16/build/CMakeFiles/CMakeTmp”


===== END =====

Determining if the include file linux/videodev.h exists failed with the following output:
Change Dir: /home/lic/orb/opencv-3.4.16/build/CMakeFiles/CMakeTmp

Run Build Command(s):/usr/bin/make cmTC_a7be8/fast && /usr/bin/make -f CMakeFiles/cmTC_a7be8.dir/build.make CMakeFiles/cmTC_a7be8.dir/build
make[1]: 进入目录“/home/lic/orb/opencv-3.4.16/build/CMakeFiles/CMakeTmp”
Building C object CMakeFiles/cmTC_a7be8.dir/CheckIncludeFile.c.o
/usr/bin/cc   -fsigned-char -W -Wall -Werror=return-type -Werror=address -Werror=sequence-point -Wformat -Werror=format-security -Wmissing-declarations -Wmissing-prototypes -Wstrict-prototypes -Wundef -Winit-self -Wpointer-arith -Wshadow -Wuninitialized -Wno-comment -Wimplicit-fallthrough=3 -Wno-strict-overflow -fdiagnostics-show-option -Wno-long-long -pthread -fomit-frame-pointer -ffunction-sections -fdata-sections  -msse -msse2 -msse3 -fvisibility=hidden  -O3 -DNDEBUG  -DNDEBUG -fPIE   -o CMakeFiles/cmTC_a7be8.dir/CheckIncludeFile.c.o   -c /home/lic/orb/opencv-3.4.16/build/CMakeFiles/CMakeTmp/CheckIncludeFile.c
/home/lic/orb/opencv-3.4.16/build/CMakeFiles/CMakeTmp/CheckIncludeFile.c:1:10: fatal error: linux/videodev.h: 没有那个文件或目录
    1 | #include <linux/videodev.h>
      |          ^~~~~~~~~~~~~~~~~~
compilation terminated.
make[1]: *** [CMakeFiles/cmTC_a7be8.dir/build.make:66：CMakeFiles/cmTC_a7be8.dir/CheckIncludeFile.c.o] 错误 1
make[1]: 离开目录“/home/lic/orb/opencv-3.4.16/build/CMakeFiles/CMakeTmp”
make: *** [Makefile:121：cmTC_a7be8/fast] 错误 2



Determining if the include file sys/videoio.h exists failed with the following output:
Change Dir: /home/lic/orb/opencv-3.4.16/build/CMakeFiles/CMakeTmp

Run Build Command(s):/usr/bin/make cmTC_ac491/fast && /usr/bin/make -f CMakeFiles/cmTC_ac491.dir/build.make CMakeFiles/cmTC_ac491.dir/build
make[1]: 进入目录“/home/lic/orb/opencv-3.4.16/build/CMakeFiles/CMakeTmp”
Building C object CMakeFiles/cmTC_ac491.dir/CheckIncludeFile.c.o
/usr/bin/cc   -fsigned-char -W -Wall -Werror=return-type -Werror=address -Werror=sequence-point -Wformat -Werror=format-security -Wmissing-declarations -Wmissing-prototypes -Wstrict-prototypes -Wundef -Winit-self -Wpointer-arith -Wshadow -Wuninitialized -Wno-comment -Wimplicit-fallthrough=3 -Wno-strict-overflow -fdiagnostics-show-option -Wno-long-long -pthread -fomit-frame-pointer -ffunction-sections -fdata-sections  -msse -msse2 -msse3 -fvisibility=hidden  -O3 -DNDEBUG  -DNDEBUG -fPIE   -o CMakeFiles/cmTC_ac491.dir/CheckIncludeFile.c.o   -c /home/lic/orb/opencv-3.4.16/build/CMakeFiles/CMakeTmp/CheckIncludeFile.c
/home/lic/orb/opencv-3.4.16/build/CMakeFiles/CMakeTmp/CheckIncludeFile.c:1:10: fatal error: sys/videoio.h: 没有那个文件或目录
    1 | #include <sys/videoio.h>
      |          ^~~~~~~~~~~~~~~
compilation terminated.
make[1]: *** [CMakeFiles/cmTC_ac491.dir/build.make:66：CMakeFiles/cmTC_ac491.dir/CheckIncludeFile.c.o] 错误 1
make[1]: 离开目录“/home/lic/orb/opencv-3.4.16/build/CMakeFiles/CMakeTmp”
make: *** [Makefile:121：cmTC_ac491/fast] 错误 2



Determining if the function sgemm_ exists failed with the following output:
Change Dir: /home/lic/orb/opencv-3.4.16/build/CMakeFiles/CMakeTmp

Run Build Command(s):/usr/bin/make cmTC_b4976/fast && /usr/bin/make -f CMakeFiles/cmTC_b4976.dir/build.make CMakeFiles/cmTC_b4976.dir/build
make[1]: 进入目录“/home/lic/orb/opencv-3.4.16/build/CMakeFiles/CMakeTmp”
Building C object CMakeFiles/cmTC_b4976.dir/CheckFunctionExists.c.o
/usr/bin/cc   -fsigned-char -W -Wall -Werror=return-type -Werror=address -Werror=sequence-point -Wformat -Werror=format-security -Wmissing-declarations -Wmissing-prototypes -Wstrict-prototypes -Wundef -Winit-self -Wpointer-arith -Wshadow -Wuninitialized -Wno-comment -Wimplicit-fallthrough=3 -Wno-strict-overflow -fdiagnostics-show-option -Wno-long-long -pthread -fomit-frame-pointer -ffunction-sections -fdata-sections  -msse -msse2 -msse3 -fvisibility=hidden -DCHECK_FUNCTION_EXISTS=sgemm_ -O3 -DNDEBUG  -DNDEBUG -fPIE   -o CMakeFiles/cmTC_b4976.dir/CheckFunctionExists.c.o   -c /usr/share/cmake-3.16/Modules/CheckFunctionExists.c
Linking C executable cmTC_b4976
/usr/bin/cmake -E cmake_link_script CMakeFiles/cmTC_b4976.dir/link.txt --verbose=1
/usr/bin/cc    -fsigned-char -W -Wall -Werror=return-type -Werror=address -Werror=sequence-point -Wformat -Werror=format-security -Wmissing-declarations -Wmissing-prototypes -Wstrict-prototypes -Wundef -Winit-self -Wpointer-arith -Wshadow -Wuninitialized -Wno-comment -Wimplicit-fallthrough=3 -Wno-strict-overflow -fdiagnostics-show-option -Wno-long-long -pthread -fomit-frame-pointer -ffunction-sections -fdata-sections  -msse -msse2 -msse3 -fvisibility=hidden -DCHECK_FUNCTION_EXISTS=sgemm_ -O3 -DNDEBUG  -DNDEBUG    -Wl,--gc-sections -Wl,--as-needed  -rdynamic CMakeFiles/cmTC_b4976.dir/CheckFunctionExists.c.o  -o cmTC_b4976 
/usr/bin/ld: CMakeFiles/cmTC_b4976.dir/CheckFunctionExists.c.o: in function `main':
CheckFunctionExists.c:(.text.startup.main+0x10): undefined reference to `sgemm_'
collect2: error: ld returned 1 exit status
make[1]: *** [CMakeFiles/cmTC_b4976.dir/build.make:87：cmTC_b4976] 错误 1
make[1]: 离开目录“/home/lic/orb/opencv-3.4.16/build/CMakeFiles/CMakeTmp”
make: *** [Makefile:121：cmTC_b4976/fast] 错误 2



Determining if the function cheev_ exists failed with the following output:
Change Dir: /home/lic/orb/opencv-3.4.16/build/CMakeFiles/CMakeTmp

Run Build Command(s):/usr/bin/make cmTC_32de9/fast && /usr/bin/make -f CMakeFiles/cmTC_32de9.dir/build.make CMakeFiles/cmTC_32de9.dir/build
make[1]: 进入目录“/home/lic/orb/opencv-3.4.16/build/CMakeFiles/CMakeTmp”
Building C object CMakeFiles/cmTC_32de9.dir/CheckFunctionExists.c.o
/usr/bin/cc   -fsigned-char -W -Wall -Werror=return-type -Werror=address -Werror=sequence-point -Wformat -Werror=format-security -Wmissing-declarations -Wmissing-prototypes -Wstrict-prototypes -Wundef -Winit-self -Wpointer-arith -Wshadow -Wuninitialized -Wno-comment -Wimplicit-fallthrough=3 -Wno-strict-overflow -fdiagnostics-show-option -Wno-long-long -pthread -fomit-frame-pointer -ffunction-sections -fdata-sections  -msse -msse2 -msse3 -fvisibility=hidden -DCHECK_FUNCTION_EXISTS=cheev_ -O3 -DNDEBUG  -DNDEBUG -fPIE   -o CMakeFiles/cmTC_32de9.dir/CheckFunctionExists.c.o   -c /usr/share/cmake-3.16/Modules/CheckFunctionExists.c
Linking C executable cmTC_32de9
/usr/bin/cmake -E cmake_link_script CMakeFiles/cmTC_32de9.dir/link.txt --verbose=1
/usr/bin/cc    -fsigned-char -W -Wall -Werror=return-type -Werror=address -Werror=sequence-point -Wformat -Werror=format-security -Wmissing-declarations -Wmissing-prototypes -Wstrict-prototypes -Wundef -Winit-self -Wpointer-arith -Wshadow -Wuninitialized -Wno-comment -Wimplicit-fallthrough=3 -Wno-strict-overflow -fdiagnostics-show-option -Wno-long-long -pthread -fomit-frame-pointer -ffunction-sections -fdata-sections  -msse -msse2 -msse3 -fvisibility=hidden -DCHECK_FUNCTION_EXISTS=cheev_ -O3 -DNDEBUG  -DNDEBUG    -Wl,--gc-sections -Wl,--as-needed  -rdynamic CMakeFiles/cmTC_32de9.dir/CheckFunctionExists.c.o  -o cmTC_32de9  /usr/lib/x86_64-linux-gnu/libblas.so 
/usr/bin/ld: CMakeFiles/cmTC_32de9.dir/CheckFunctionExists.c.o: in function `main':
CheckFunctionExists.c:(.text.startup.main+0x10): undefined reference to `cheev_'
collect2: error: ld returned 1 exit status
make[1]: *** [CMakeFiles/cmTC_32de9.dir/build.make:88：cmTC_32de9] 错误 1
make[1]: 离开目录“/home/lic/orb/opencv-3.4.16/build/CMakeFiles/CMakeTmp”
make: *** [Makefile:121：cmTC_32de9/fast] 错误 2



Build output check failed:
    Regex: 'command[- ]line option .* is valid for .* but not for C\+\+'
    Output line: 'cc1plus: warning: command line option ‘-Wno-missing-prototypes’ is valid for C/ObjC but not for C++'
Compilation failed:
    source file: '/home/lic/orb/opencv-3.4.16/build/CMakeFiles/CMakeTmp/src.cxx'
    check option: ' -Wno-missing-prototypes'
===== BUILD LOG =====
Change Dir: /home/lic/orb/opencv-3.4.16/build/CMakeFiles/CMakeTmp

Run Build Command(s):/usr/bin/make cmTC_76d55/fast && /usr/bin/make -f CMakeFiles/cmTC_76d55.dir/build.make CMakeFiles/cmTC_76d55.dir/build
make[1]: 进入目录“/home/lic/orb/opencv-3.4.16/build/CMakeFiles/CMakeTmp”
Building CXX object CMakeFiles/cmTC_76d55.dir/src.cxx.o
/usr/bin/c++    -fsigned-char -W -Wall -Werror=return-type -Werror=non-virtual-dtor -Werror=address -Werror=sequence-point -Wformat -Werror=format-security -Wmissing-declarations -Wundef -Winit-self -Wpointer-arith -Wshadow -Wsign-promo -Wuninitialized -Wsuggest-override -Wno-delete-non-virtual-dtor -Wno-comment -Wimplicit-fallthrough=3 -Wno-strict-overflow -fdiagnostics-show-option -Wno-long-long -pthread -fomit-frame-pointer -ffunction-sections -fdata-sections  -msse -msse2 -msse3 -fvisibility=hidden -fvisibility-inlines-hidden -Wno-deprecated  -O3 -DNDEBUG  -DNDEBUG -fPIE    -Wno-missing-prototypes -o CMakeFiles/cmTC_76d55.dir/src.cxx.o -c /home/lic/orb/opencv-3.4.16/build/CMakeFiles/CMakeTmp/src.cxx
cc1plus: warning: command line option ‘-Wno-missing-prototypes’ is valid for C/ObjC but not for C++
/home/lic/orb/opencv-3.4.16/build/CMakeFiles/CMakeTmp/src.cxx:1: warning: ignoring #pragma   [-Wunknown-pragmas]
    1 | #pragma
      | 
Linking CXX executable cmTC_76d55
/usr/bin/cmake -E cmake_link_script CMakeFiles/cmTC_76d55.dir/link.txt --verbose=1
/usr/bin/c++     -fsigned-char -W -Wall -Werror=return-type -Werror=non-virtual-dtor -Werror=address -Werror=sequence-point -Wformat -Werror=format-security -Wmissing-declarations -Wundef -Winit-self -Wpointer-arith -Wshadow -Wsign-promo -Wuninitialized -Wsuggest-override -Wno-delete-non-virtual-dtor -Wno-comment -Wimplicit-fallthrough=3 -Wno-strict-overflow -fdiagnostics-show-option -Wno-long-long -pthread -fomit-frame-pointer -ffunction-sections -fdata-sections  -msse -msse2 -msse3 -fvisibility=hidden -fvisibility-inlines-hidden -Wno-deprecated  -O3 -DNDEBUG  -DNDEBUG    -Wl,--gc-sections -Wl,--as-needed  -rdynamic CMakeFiles/cmTC_76d55.dir/src.cxx.o  -o cmTC_76d55 
make[1]: 离开目录“/home/lic/orb/opencv-3.4.16/build/CMakeFiles/CMakeTmp”


===== END =====

Build output check failed:
    Regex: 'unrecognized .*option'
    Output line: 'cc1plus: warning: unrecognized command line option ‘-Wno-tautological-undefined-compare’'
Compilation failed:
    source file: '/home/lic/orb/opencv-3.4.16/build/CMakeFiles/CMakeTmp/src.cxx'
    check option: ' -Wno-tautological-undefined-compare'
===== BUILD LOG =====
Change Dir: /home/lic/orb/opencv-3.4.16/build/CMakeFiles/CMakeTmp

Run Build Command(s):/usr/bin/make cmTC_bccf1/fast && /usr/bin/make -f CMakeFiles/cmTC_bccf1.dir/build.make CMakeFiles/cmTC_bccf1.dir/build
make[1]: 进入目录“/home/lic/orb/opencv-3.4.16/build/CMakeFiles/CMakeTmp”
Building CXX object CMakeFiles/cmTC_bccf1.dir/src.cxx.o
/usr/bin/c++    -fsigned-char -W -Wall -Werror=return-type -Werror=non-virtual-dtor -Werror=address -Werror=sequence-point -Wformat -Werror=format-security -Winit-self -Wpointer-arith -Wuninitialized -Wsuggest-override -Wno-delete-non-virtual-dtor -Wno-comment -Wimplicit-fallthrough=3 -Wno-strict-overflow -fdiagnostics-show-option -Wno-long-long -pthread -fomit-frame-pointer -ffunction-sections -fdata-sections  -msse -msse2 -msse3 -fvisibility=hidden -fvisibility-inlines-hidden -Wno-deprecated -Wno-missing-declarations -Wno-shadow -Wno-unused-parameter -Wno-unused-local-typedefs -Wno-sign-compare -Wno-sign-promo -Wno-undef  -O3 -DNDEBUG  -DNDEBUG -fPIE    -Wno-tautological-undefined-compare -o CMakeFiles/cmTC_bccf1.dir/src.cxx.o -c /home/lic/orb/opencv-3.4.16/build/CMakeFiles/CMakeTmp/src.cxx
/home/lic/orb/opencv-3.4.16/build/CMakeFiles/CMakeTmp/src.cxx:1: warning: ignoring #pragma   [-Wunknown-pragmas]
    1 | #pragma
      | 
cc1plus: warning: unrecognized command line option ‘-Wno-tautological-undefined-compare’
Linking CXX executable cmTC_bccf1
/usr/bin/cmake -E cmake_link_script CMakeFiles/cmTC_bccf1.dir/link.txt --verbose=1
/usr/bin/c++     -fsigned-char -W -Wall -Werror=return-type -Werror=non-virtual-dtor -Werror=address -Werror=sequence-point -Wformat -Werror=format-security -Winit-self -Wpointer-arith -Wuninitialized -Wsuggest-override -Wno-delete-non-virtual-dtor -Wno-comment -Wimplicit-fallthrough=3 -Wno-strict-overflow -fdiagnostics-show-option -Wno-long-long -pthread -fomit-frame-pointer -ffunction-sections -fdata-sections  -msse -msse2 -msse3 -fvisibility=hidden -fvisibility-inlines-hidden -Wno-deprecated -Wno-missing-declarations -Wno-shadow -Wno-unused-parameter -Wno-unused-local-typedefs -Wno-sign-compare -Wno-sign-promo -Wno-undef  -O3 -DNDEBUG  -DNDEBUG    -Wl,--gc-sections -Wl,--as-needed  -rdynamic CMakeFiles/cmTC_bccf1.dir/src.cxx.o  -o cmTC_bccf1 
make[1]: 离开目录“/home/lic/orb/opencv-3.4.16/build/CMakeFiles/CMakeTmp”


===== END =====

Build output check failed:
    Regex: 'unrecognized .*option'
    Output line: 'cc1plus: warning: unrecognized command line option ‘-Wno-shorten-64-to-32’'
Compilation failed:
    source file: '/home/lic/orb/opencv-3.4.16/build/CMakeFiles/CMakeTmp/src.cxx'
    check option: ' -Wno-shorten-64-to-32'
===== BUILD LOG =====
Change Dir: /home/lic/orb/opencv-3.4.16/build/CMakeFiles/CMakeTmp

Run Build Command(s):/usr/bin/make cmTC_8555e/fast && /usr/bin/make -f CMakeFiles/cmTC_8555e.dir/build.make CMakeFiles/cmTC_8555e.dir/build
make[1]: 进入目录“/home/lic/orb/opencv-3.4.16/build/CMakeFiles/CMakeTmp”
Building CXX object CMakeFiles/cmTC_8555e.dir/src.cxx.o
/usr/bin/c++    -fsigned-char -W -Wall -Werror=return-type -Werror=non-virtual-dtor -Werror=address -Werror=sequence-point -Wformat -Werror=format-security -Winit-self -Wpointer-arith -Wuninitialized -Wsuggest-override -Wno-delete-non-virtual-dtor -Wno-comment -Wimplicit-fallthrough=3 -Wno-strict-overflow -fdiagnostics-show-option -Wno-long-long -pthread -fomit-frame-pointer -ffunction-sections -fdata-sections  -msse -msse2 -msse3 -fvisibility=hidden -fvisibility-inlines-hidden -Wno-deprecated -Wno-missing-declarations -Wno-shadow -Wno-unused-parameter -Wno-unused-local-typedefs -Wno-sign-compare -Wno-sign-promo -Wno-undef -Wno-ignored-qualifiers -Wno-extra -Wno-unused-function -Wno-unused-const-variable  -O3 -DNDEBUG  -DNDEBUG -fPIE    -Wno-shorten-64-to-32 -o CMakeFiles/cmTC_8555e.dir/src.cxx.o -c /home/lic/orb/opencv-3.4.16/build/CMakeFiles/CMakeTmp/src.cxx
/home/lic/orb/opencv-3.4.16/build/CMakeFiles/CMakeTmp/src.cxx:1: warning: ignoring #pragma   [-Wunknown-pragmas]
    1 | #pragma
      | 
cc1plus: warning: unrecognized command line option ‘-Wno-shorten-64-to-32’
Linking CXX executable cmTC_8555e
/usr/bin/cmake -E cmake_link_script CMakeFiles/cmTC_8555e.dir/link.txt --verbose=1
/usr/bin/c++     -fsigned-char -W -Wall -Werror=return-type -Werror=non-virtual-dtor -Werror=address -Werror=sequence-point -Wformat -Werror=format-security -Winit-self -Wpointer-arith -Wuninitialized -Wsuggest-override -Wno-delete-non-virtual-dtor -Wno-comment -Wimplicit-fallthrough=3 -Wno-strict-overflow -fdiagnostics-show-option -Wno-long-long -pthread -fomit-frame-pointer -ffunction-sections -fdata-sections  -msse -msse2 -msse3 -fvisibility=hidden -fvisibility-inlines-hidden -Wno-deprecated -Wno-missing-declarations -Wno-shadow -Wno-unused-parameter -Wno-unused-local-typedefs -Wno-sign-compare -Wno-sign-promo -Wno-undef -Wno-ignored-qualifiers -Wno-extra -Wno-unused-function -Wno-unused-const-variable  -O3 -DNDEBUG  -DNDEBUG    -Wl,--gc-sections -Wl,--as-needed  -rdynamic CMakeFiles/cmTC_8555e.dir/src.cxx.o  -o cmTC_8555e 
make[1]: 离开目录“/home/lic/orb/opencv-3.4.16/build/CMakeFiles/CMakeTmp”


===== END =====

Build output check failed:
    Regex: 'unrecognized .*option'
    Output line: 'cc1plus: warning: unrecognized command line option ‘-Wno-enum-compare-switch’'
Compilation failed:
    source file: '/home/lic/orb/opencv-3.4.16/build/CMakeFiles/CMakeTmp/src.cxx'
    check option: ' -Wno-enum-compare-switch'
===== BUILD LOG =====
Change Dir: /home/lic/orb/opencv-3.4.16/build/CMakeFiles/CMakeTmp

Run Build Command(s):/usr/bin/make cmTC_a0dad/fast && /usr/bin/make -f CMakeFiles/cmTC_a0dad.dir/build.make CMakeFiles/cmTC_a0dad.dir/build
make[1]: 进入目录“/home/lic/orb/opencv-3.4.16/build/CMakeFiles/CMakeTmp”
Building CXX object CMakeFiles/cmTC_a0dad.dir/src.cxx.o
/usr/bin/c++    -fsigned-char -W -Wall -Werror=return-type -Werror=non-virtual-dtor -Werror=address -Werror=sequence-point -Wformat -Werror=format-security -Winit-self -Wpointer-arith -Wuninitialized -Wsuggest-override -Wno-delete-non-virtual-dtor -Wno-comment -Wimplicit-fallthrough=3 -Wno-strict-overflow -fdiagnostics-show-option -Wno-long-long -pthread -fomit-frame-pointer -ffunction-sections -fdata-sections  -msse -msse2 -msse3 -fvisibility=hidden -fvisibility-inlines-hidden -Wno-deprecated -Wno-missing-declarations -Wno-shadow -Wno-unused-parameter -Wno-unused-local-typedefs -Wno-sign-compare -Wno-sign-promo -Wno-undef -Wno-ignored-qualifiers -Wno-extra -Wno-unused-function -Wno-unused-const-variable -Wno-invalid-offsetof  -O3 -DNDEBUG  -DNDEBUG -fPIE    -Wno-enum-compare-switch -o CMakeFiles/cmTC_a0dad.dir/src.cxx.o -c /home/lic/orb/opencv-3.4.16/build/CMakeFiles/CMakeTmp/src.cxx
/home/lic/orb/opencv-3.4.16/build/CMakeFiles/CMakeTmp/src.cxx:1: warning: ignoring #pragma   [-Wunknown-pragmas]
    1 | #pragma
      | 
cc1plus: warning: unrecognized command line option ‘-Wno-enum-compare-switch’
Linking CXX executable cmTC_a0dad
/usr/bin/cmake -E cmake_link_script CMakeFiles/cmTC_a0dad.dir/link.txt --verbose=1
/usr/bin/c++     -fsigned-char -W -Wall -Werror=return-type -Werror=non-virtual-dtor -Werror=address -Werror=sequence-point -Wformat -Werror=format-security -Winit-self -Wpointer-arith -Wuninitialized -Wsuggest-override -Wno-delete-non-virtual-dtor -Wno-comment -Wimplicit-fallthrough=3 -Wno-strict-overflow -fdiagnostics-show-option -Wno-long-long -pthread -fomit-frame-pointer -ffunction-sections -fdata-sections  -msse -msse2 -msse3 -fvisibility=hidden -fvisibility-inlines-hidden -Wno-deprecated -Wno-missing-declarations -Wno-shadow -Wno-unused-parameter -Wno-unused-local-typedefs -Wno-sign-compare -Wno-sign-promo -Wno-undef -Wno-ignored-qualifiers -Wno-extra -Wno-unused-function -Wno-unused-const-variable -Wno-invalid-offsetof  -O3 -DNDEBUG  -DNDEBUG    -Wl,--gc-sections -Wl,--as-needed  -rdynamic CMakeFiles/cmTC_a0dad.dir/src.cxx.o  -o cmTC_a0dad 
make[1]: 离开目录“/home/lic/orb/opencv-3.4.16/build/CMakeFiles/CMakeTmp”


===== END =====

Build output check failed:
    Regex: 'unrecognized .*option'
    Output line: 'cc1plus: warning: unrecognized command line option ‘-Wno-inconsistent-missing-override’'
Compilation failed:
    source file: '/home/lic/orb/opencv-3.4.16/build/CMakeFiles/CMakeTmp/src.cxx'
    check option: ' -Wno-inconsistent-missing-override'
===== BUILD LOG =====
Change Dir: /home/lic/orb/opencv-3.4.16/build/CMakeFiles/CMakeTmp

Run Build Command(s):/usr/bin/make cmTC_fcc8c/fast && /usr/bin/make -f CMakeFiles/cmTC_fcc8c.dir/build.make CMakeFiles/cmTC_fcc8c.dir/build
make[1]: 进入目录“/home/lic/orb/opencv-3.4.16/build/CMakeFiles/CMakeTmp”
Building CXX object CMakeFiles/cmTC_fcc8c.dir/src.cxx.o
/usr/bin/c++    -fsigned-char -W -Wall -Werror=return-type -Werror=non-virtual-dtor -Werror=address -Werror=sequence-point -Wformat -Werror=format-security -Winit-self -Wpointer-arith -Wuninitialized -Wno-delete-non-virtual-dtor -Wno-comment -Wimplicit-fallthrough=3 -Wno-strict-overflow -fdiagnostics-show-option -Wno-long-long -pthread -fomit-frame-pointer -ffunction-sections -fdata-sections  -msse -msse2 -msse3 -fvisibility=hidden -fvisibility-inlines-hidden -Wno-deprecated -Wno-missing-declarations -Wno-shadow -Wno-unused-parameter -Wno-unused-local-typedefs -Wno-sign-compare -Wno-sign-promo -Wno-undef -Wno-ignored-qualifiers -Wno-extra -Wno-unused-function -Wno-unused-const-variable -Wno-invalid-offsetof -Wno-suggest-override  -O3 -DNDEBUG  -DNDEBUG -fPIE    -Wno-inconsistent-missing-override -o CMakeFiles/cmTC_fcc8c.dir/src.cxx.o -c /home/lic/orb/opencv-3.4.16/build/CMakeFiles/CMakeTmp/src.cxx
/home/lic/orb/opencv-3.4.16/build/CMakeFiles/CMakeTmp/src.cxx:1: warning: ignoring #pragma   [-Wunknown-pragmas]
    1 | #pragma
      | 
cc1plus: warning: unrecognized command line option ‘-Wno-inconsistent-missing-override’
Linking CXX executable cmTC_fcc8c
/usr/bin/cmake -E cmake_link_script CMakeFiles/cmTC_fcc8c.dir/link.txt --verbose=1
/usr/bin/c++     -fsigned-char -W -Wall -Werror=return-type -Werror=non-virtual-dtor -Werror=address -Werror=sequence-point -Wformat -Werror=format-security -Winit-self -Wpointer-arith -Wuninitialized -Wno-delete-non-virtual-dtor -Wno-comment -Wimplicit-fallthrough=3 -Wno-strict-overflow -fdiagnostics-show-option -Wno-long-long -pthread -fomit-frame-pointer -ffunction-sections -fdata-sections  -msse -msse2 -msse3 -fvisibility=hidden -fvisibility-inlines-hidden -Wno-deprecated -Wno-missing-declarations -Wno-shadow -Wno-unused-parameter -Wno-unused-local-typedefs -Wno-sign-compare -Wno-sign-promo -Wno-undef -Wno-ignored-qualifiers -Wno-extra -Wno-unused-function -Wno-unused-const-variable -Wno-invalid-offsetof -Wno-suggest-override  -O3 -DNDEBUG  -DNDEBUG    -Wl,--gc-sections -Wl,--as-needed  -rdynamic CMakeFiles/cmTC_fcc8c.dir/src.cxx.o  -o cmTC_fcc8c 
make[1]: 离开目录“/home/lic/orb/opencv-3.4.16/build/CMakeFiles/CMakeTmp”


===== END =====

Build output check failed:
    Regex: 'unrecognized .*option'
    Output line: 'cc1plus: warning: unrecognized command line option ‘-Wno-unused-private-field’'
Compilation failed:
    source file: '/home/lic/orb/opencv-3.4.16/build/CMakeFiles/CMakeTmp/src.cxx'
    check option: ' -Wno-unused-private-field'
===== BUILD LOG =====
Change Dir: /home/lic/orb/opencv-3.4.16/build/CMakeFiles/CMakeTmp

Run Build Command(s):/usr/bin/make cmTC_df525/fast && /usr/bin/make -f CMakeFiles/cmTC_df525.dir/build.make CMakeFiles/cmTC_df525.dir/build
make[1]: 进入目录“/home/lic/orb/opencv-3.4.16/build/CMakeFiles/CMakeTmp”
Building CXX object CMakeFiles/cmTC_df525.dir/src.cxx.o
/usr/bin/c++    -fsigned-char -W -Wall -Werror=return-type -Werror=non-virtual-dtor -Werror=address -Werror=sequence-point -Wformat -Werror=format-security -Wmissing-declarations -Wundef -Winit-self -Wpointer-arith -Wshadow -Wsign-promo -Wuninitialized -Wsuggest-override -Wno-delete-non-virtual-dtor -Wno-comment -Wimplicit-fallthrough=3 -Wno-strict-overflow -fdiagnostics-show-option -Wno-long-long -pthread -fomit-frame-pointer -ffunction-sections -fdata-sections  -msse -msse2 -msse3 -fvisibility=hidden -fvisibility-inlines-hidden -Wno-unused-function -Wno-deprecated-declarations -Wno-overloaded-virtual  -O3 -DNDEBUG  -DNDEBUG -fPIE    -Wno-unused-private-field -o CMakeFiles/cmTC_df525.dir/src.cxx.o -c /home/lic/orb/opencv-3.4.16/build/CMakeFiles/CMakeTmp/src.cxx
/home/lic/orb/opencv-3.4.16/build/CMakeFiles/CMakeTmp/src.cxx:1: warning: ignoring #pragma   [-Wunknown-pragmas]
    1 | #pragma
      | 
cc1plus: warning: unrecognized command line option ‘-Wno-unused-private-field’
Linking CXX executable cmTC_df525
/usr/bin/cmake -E cmake_link_script CMakeFiles/cmTC_df525.dir/link.txt --verbose=1
/usr/bin/c++     -fsigned-char -W -Wall -Werror=return-type -Werror=non-virtual-dtor -Werror=address -Werror=sequence-point -Wformat -Werror=format-security -Wmissing-declarations -Wundef -Winit-self -Wpointer-arith -Wshadow -Wsign-promo -Wuninitialized -Wsuggest-override -Wno-delete-non-virtual-dtor -Wno-comment -Wimplicit-fallthrough=3 -Wno-strict-overflow -fdiagnostics-show-option -Wno-long-long -pthread -fomit-frame-pointer -ffunction-sections -fdata-sections  -msse -msse2 -msse3 -fvisibility=hidden -fvisibility-inlines-hidden -Wno-unused-function -Wno-deprecated-declarations -Wno-overloaded-virtual  -O3 -DNDEBUG  -DNDEBUG    -Wl,--gc-sections -Wl,--as-needed  -rdynamic CMakeFiles/cmTC_df525.dir/src.cxx.o  -o cmTC_df525 
make[1]: 离开目录“/home/lic/orb/opencv-3.4.16/build/CMakeFiles/CMakeTmp”


===== END =====

